<?xml version="1.0" encoding="UTF-8"?>
<!-- Generated by org.testng.reporters.JUnitReportReporter -->
<testsuite hostname="devmachine-HP-Pro-3330-MT" failures="0" tests="2" name="Execution.UserManagement" time="10.858" errors="0" timestamp="2023-01-07T15:26:15 IST" skipped="0">
  <testcase classname="Execution.UserManagement" name="shouldUserManagementPageDisplayed" time="4.732"/>
  <system-out/>
  <testcase classname="Execution.UserManagement" name="shouldPartnerAdminUserProfileCreated" time="6.126"/>
  <system-out/>
</testsuite> <!-- Execution.UserManagement -->
