<?xml version="1.0" encoding="UTF-8"?>
<!-- Generated by org.testng.reporters.JUnitReportReporter -->
<testsuite hostname="Nandakumar" failures="0" tests="2" name="Execution.DashboardListView" time="23.452" errors="0" timestamp="2022-11-27T11:31:10 IST" skipped="0">
  <testcase classname="Execution.DashboardListView" name="shouldDashboardDisplayedHasInListView" time="13.268"/>
  <system-out/>
  <testcase classname="Execution.DashboardListView" name="shouldSearchedSiteNameISDisplayed" time="10.184"/>
  <system-out/>
</testsuite> <!-- Execution.DashboardListView -->
