<?xml version="1.0" encoding="UTF-8"?>
<!-- Generated by org.testng.reporters.JUnitReportReporter -->
<testsuite hostname="Nandakumar" failures="0" tests="1" name="Execution.DashboardPage" time="15.181" errors="0" timestamp="2022-11-25T22:46:21 IST" skipped="0">
  <testcase classname="Execution.DashboardPage" name="shoulddefaultMapIsDisplayedAfterLoggedIn" time="15.181"/>
  <system-out/>
</testsuite> <!-- Execution.DashboardPage -->
