<?xml version="1.0" encoding="UTF-8"?>
<!-- Generated by org.testng.reporters.JUnitReportReporter -->
<testsuite hostname="Nandakumar" failures="0" tests="1" name="Execution.SuccessfullLogin" time="5.068" errors="0" timestamp="2022-11-18T19:11:16 IST" skipped="0">
  <testcase classname="Execution.SuccessfullLogin" name="UserShouldloginSuccessfully" time="5.068"/>
  <system-out/>
</testsuite> <!-- Execution.SuccessfullLogin -->
